<?xml version="1.0" encoding="UTF-8"?>
<testng-results skipped="0" failed="1" total="1" passed="0">
  <reporter-output>
    <line>
      <![CDATA[Test started running:createAccountRegistration at:1502121694791]]>
    </line>
    <line>
      <![CDATA[<a href="E:\ECLIPSE ENV\Selenium_Excercises\ReportsInSelenium//src//test//resources//testNGScreenshots//failure//08-07-2017_21-52-createAccountRegistration.png"><img src="file:///E:\ECLIPSE ENV\Selenium_Excercises\ReportsInSelenium//src//test//resources//testNGScreenshots//failure//08-07-2017_21-52-createAccountRegistration.png" alt=""height='100' width='100'/> <br />]]>
    </line>
    <line>
      <![CDATA[createAccountRegistration--Test method failed
]]>
    </line>
  </reporter-output>
  <suite name="FunctionalSuite" duration-ms="44458" started-at="2017-08-07T16:01:09Z" finished-at="2017-08-07T16:01:53Z">
    <groups>
    </groups>
    <test name="CreateAccount" duration-ms="44458" started-at="2017-08-07T16:01:09Z" finished-at="2017-08-07T16:01:53Z">
      <class name="testNGReport.CreateAnAccount">
        <test-method status="PASS" signature="start()[pri:0, instance:testNGReport.CreateAnAccount@acaea5]" name="start" is-config="true" duration-ms="25751" started-at="2017-08-07T21:31:09Z" finished-at="2017-08-07T21:31:34Z">
          <reporter-output>
          </reporter-output>
        </test-method> <!-- start -->
        <test-method status="FAIL" signature="createAccountRegistration()[pri:0, instance:testNGReport.CreateAnAccount@acaea5]" name="createAccountRegistration" duration-ms="17596" started-at="2017-08-07T21:31:34Z" finished-at="2017-08-07T21:31:52Z">
          <exception class="java.lang.AssertionError">
            <message>
              <![CDATA[expected [My Account Information] but found [Your Account Has Been Created!]]]>
            </message>
            <full-stacktrace>
              <![CDATA[java.lang.AssertionError: expected [My Account Information] but found [Your Account Has Been Created!]
	at org.testng.Assert.fail(Assert.java:94)
	at org.testng.Assert.failNotEquals(Assert.java:494)
	at org.testng.Assert.assertEquals(Assert.java:123)
	at org.testng.Assert.assertEquals(Assert.java:176)
	at org.testng.Assert.assertEquals(Assert.java:186)
	at testNGReport.CreateAnAccount.createAccountRegistration(CreateAnAccount.java:82)
	at sun.reflect.NativeMethodAccessorImpl.invoke0(Native Method)
	at sun.reflect.NativeMethodAccessorImpl.invoke(Unknown Source)
	at sun.reflect.DelegatingMethodAccessorImpl.invoke(Unknown Source)
	at java.lang.reflect.Method.invoke(Unknown Source)
	at org.testng.internal.MethodInvocationHelper.invokeMethod(MethodInvocationHelper.java:80)
	at org.testng.internal.Invoker.invokeMethod(Invoker.java:714)
	at org.testng.internal.Invoker.invokeTestMethod(Invoker.java:901)
	at org.testng.internal.Invoker.invokeTestMethods(Invoker.java:1231)
	at org.testng.internal.TestMethodWorker.invokeTestMethods(TestMethodWorker.java:127)
	at org.testng.internal.TestMethodWorker.run(TestMethodWorker.java:111)
	at org.testng.TestRunner.privateRun(TestRunner.java:767)
	at org.testng.TestRunner.run(TestRunner.java:617)
	at org.testng.SuiteRunner.runTest(SuiteRunner.java:334)
	at org.testng.SuiteRunner.runSequentially(SuiteRunner.java:329)
	at org.testng.SuiteRunner.privateRun(SuiteRunner.java:291)
	at org.testng.SuiteRunner.run(SuiteRunner.java:240)
	at org.testng.SuiteRunnerWorker.runSuite(SuiteRunnerWorker.java:52)
	at org.testng.SuiteRunnerWorker.run(SuiteRunnerWorker.java:86)
	at org.testng.TestNG.runSuitesSequentially(TestNG.java:1198)
	at org.testng.TestNG.runSuitesLocally(TestNG.java:1123)
	at org.testng.TestNG.run(TestNG.java:1031)
	at org.testng.remote.AbstractRemoteTestNG.run(AbstractRemoteTestNG.java:132)
	at org.testng.remote.RemoteTestNG.initAndRun(RemoteTestNG.java:236)
	at org.testng.remote.RemoteTestNG.main(RemoteTestNG.java:81)
]]>
            </full-stacktrace>
          </exception> <!-- java.lang.AssertionError -->
          <reporter-output>
            <line>
              <![CDATA[<a href="E:\ECLIPSE ENV\Selenium_Excercises\ReportsInSelenium//src//test//resources//testNGScreenshots//failure//08-07-2017_21-52-createAccountRegistration.png"><img src="file:///E:\ECLIPSE ENV\Selenium_Excercises\ReportsInSelenium//src//test//resources//testNGScreenshots//failure//08-07-2017_21-52-createAccountRegistration.png" alt=""height='100' width='100'/> <br />]]>
            </line>
          </reporter-output>
        </test-method> <!-- createAccountRegistration -->
        <test-method status="PASS" signature="end()[pri:0, instance:testNGReport.CreateAnAccount@acaea5]" name="end" is-config="true" duration-ms="156" started-at="2017-08-07T21:31:53Z" finished-at="2017-08-07T21:31:53Z">
          <reporter-output>
          </reporter-output>
        </test-method> <!-- end -->
      </class> <!-- testNGReport.CreateAnAccount -->
    </test> <!-- CreateAccount -->
  </suite> <!-- FunctionalSuite -->
</testng-results>
